============================= test session starts ==============================
platform darwin -- Python 3.13.5, pytest-9.0.2, pluggy-1.6.0 -- /Library/Frameworks/Python.framework/Versions/3.13/bin/python3
cachedir: .pytest_cache
rootdir: /Users/aidancolvin/Medical-Image-Classification-PyTorch
plugins: anyio-4.12.0, cov-7.0.0
collecting ... collected 25 items

tests/test_comprehensive.py::test_01_tensor_shape PASSED                 [  4%]
tests/test_comprehensive.py::test_02_sigmoid_bound PASSED                [  8%]
tests/test_comprehensive.py::test_03_sigmoid_upper PASSED                [ 12%]
tests/test_comprehensive.py::test_04_device_mps PASSED                   [ 16%]
tests/test_comprehensive.py::test_05_label_type PASSED                   [ 20%]
tests/test_comprehensive.py::test_06_bce_loss_init PASSED                [ 24%]
tests/test_comprehensive.py::test_07_loss_logic PASSED                   [ 28%]
tests/test_comprehensive.py::test_08_reproducibility PASSED              [ 32%]
tests/test_comprehensive.py::test_09_test_size PASSED                    [ 36%]
tests/test_comprehensive.py::test_10_threshold_logic PASSED              [ 40%]
tests/test_comprehensive.py::test_11_threshold_low PASSED                [ 44%]
tests/test_comprehensive.py::test_12_csv_columns PASSED                  [ 48%]
tests/test_comprehensive.py::test_13_csv_label PASSED                    [ 52%]
tests/test_comprehensive.py::test_14_data_dir_exists PASSED              [ 56%]
tests/test_comprehensive.py::test_15_src_dir_exists PASSED               [ 60%]
tests/test_comprehensive.py::test_16_transform_resize PASSED             [ 64%]
tests/test_comprehensive.py::test_17_transform_tensor PASSED             [ 68%]
tests/test_comprehensive.py::test_18_normalize_mean PASSED               [ 72%]
tests/test_comprehensive.py::test_19_normalize_std PASSED                [ 76%]
tests/test_comprehensive.py::test_20_model_save_path PASSED              [ 80%]
tests/test_comprehensive.py::test_21_submission_path PASSED              [ 84%]
tests/test_comprehensive.py::test_22_linear_layer PASSED                 [ 88%]
tests/test_comprehensive.py::test_23_linear_out PASSED                   [ 92%]
tests/test_comprehensive.py::test_24_batch_size PASSED                   [ 96%]
tests/test_comprehensive.py::test_25_learning_rate PASSED                [100%]

============================== 25 passed in 1.15s ==============================
